<?xml version="1.0" encoding="UTF-8"?>
<!-- Generated by org.testng.reporters.JUnitReportReporter -->
<testsuite hostname="migadde-Lenovo-IdeaPad-Z510" name="com.javacodegeeks.testng.maven.testngMaven.AppTest" tests="1" failures="0" timestamp="26 Oct 2020 08:50:33 GMT" time="0.001" errors="0">
  <testcase name="testApp" time="0.001" classname="com.javacodegeeks.testng.maven.testngMaven.AppTest"/>
</testsuite> <!-- com.javacodegeeks.testng.maven.testngMaven.AppTest -->
