<?xml version="1.0" encoding="UTF-8"?>
<!-- Generated by org.testng.reporters.JUnitReportReporter -->
<testsuite hostname="migadde-Lenovo-IdeaPad-Z510" name="com.javacodegeeks.testng.maven.testngMaven.TestNgMavenExampleTest" tests="1" failures="0" timestamp="26 Oct 2020 08:50:33 GMT" time="0.010" errors="0">
  <testcase name="exampleOfTestNgMaven" time="0.010" classname="com.javacodegeeks.testng.maven.testngMaven.TestNgMavenExampleTest"/>
</testsuite> <!-- com.javacodegeeks.testng.maven.testngMaven.TestNgMavenExampleTest -->
